1710264164944:help
1710264564001:sign_in
1710264568130:help
1710264578541:sign-in
1710273458537:sign-up
1710273467720:help
1710273484433:sign-in
1710325186238:order-beans
1710325330830:sign-in
1710325335487:order-beans
1710325590462:stacktrace
1710325642298:sign-in
1710325646353:order-beans
1710325756444:check-orders
1710325823196:help
1710325834664:hello
1710325855924:order-beans
1710325917146:order-beans mash
1710325962375:sign-in
1710325966155:order-beans
1710347655780:log-in
1710347955355:callback abc123 xyz456
1710348097667:log-in
